  main.cpp
  Please define _WIN32_WINNT or _WIN32_WINDOWS appropriately. For example:
  - add -D_WIN32_WINNT=0x0601 to the compiler command line; or
  - add _WIN32_WINNT=0x0601 to your project's Preprocessor Definitions.
  Assuming _WIN32_WINNT=0x0601 (i.e. Windows 7 target).
F:\刀客塔\第二代手臂通信\DS402_Robot_Arm_control\DS402_Robot_Arm_control\CLASS_Motor.hpp(728,39): warning C4244: “参数”: 从“double”转换到“const float”，可能丢失数据
  (编译源文件“main.cpp”)
      F:\刀客塔\第二代手臂通信\DS402_Robot_Arm_control\DS402_Robot_Arm_control\CLASS_Motor.hpp(728,39):
      模板实例化上下文(最早的实例化上下文)为
          F:\刀客塔\第二代手臂通信\DS402_Robot_Arm_control\DS402_Robot_Arm_control\CAN_processing.hpp(331,17):
          查看对正在编译的函数 模板 实例化“void Motor::refreshMotorData<MotorPosition>(T &)”的引用
          with
          [
              T=MotorPosition
          ]
  
F:\刀客塔\第二代手臂通信\DS402_Robot_Arm_control\DS402_Robot_Arm_control\CLASS_Motor.hpp(785,39): warning C4244: “参数”: 从“double”转换到“const float”，可能丢失数据
  (编译源文件“main.cpp”)
  
F:\刀客塔\第二代手臂通信\DS402_Robot_Arm_control\DS402_Robot_Arm_control\CLASS_Motor.hpp(904,39): warning C4244: “参数”: 从“double”转换到“const float”，可能丢失数据
  (编译源文件“main.cpp”)
  
  DS402_Robot_Arm_control.vcxproj -> F:\刀客塔\第二代手臂通信\DS402_Robot_Arm_control\DS402_Robot_Arm_control\x64\Debug\DS402_Robot_Arm_control.exe
